<?xml version="1.0" encoding="UTF-8"?>
<!-- Generated by org.testng.reporters.JUnitReportReporter -->
<testsuite skipped="0" hostname="5491MTY" name="SIEV.test.Tests" tests="2" failures="0" timestamp="17 Oct 2019 21:29:25 GMT" time="23.421" errors="0">
  <testcase name="LoginFailTest" time="11.690" classname="SIEV.test.Tests"/>
  <testcase name="LoginOkTest" time="11.731" classname="SIEV.test.Tests"/>
</testsuite> <!-- SIEV.test.Tests -->
